<?xml version="1.0" encoding="UTF-8"?>
<!-- Generated by org.testng.reporters.JUnitReportReporter -->
<testsuite hostname="DESKTOP-UJ1ABA6" failures="0" tests="1" name="AzureTestPackage.AzureTest" time="10.857" errors="0" timestamp="2022-05-01T16:47:18 IST" skipped="0">
  <testcase classname="AzureTestPackage.AzureTest" name="sidraTitleTest" time="10.857"/>
  <system-out/>
</testsuite> <!-- AzureTestPackage.AzureTest -->
