<?xml version="1.0" encoding="UTF-8"?>
<!-- Generated by org.testng.reporters.JUnitReportReporter -->
<testsuite hostname="DESKTOP-UJ1ABA6" failures="0" tests="1" name="AzureTestPackage.AzureTest" time="13.389" errors="0" timestamp="2022-05-01T23:07:35 IST" skipped="0">
  <testcase classname="AzureTestPackage.AzureTest" name="sidraTitleTest" time="13.389"/>
  <system-out/>
</testsuite> <!-- AzureTestPackage.AzureTest -->
